Traceback (most recent call last):
  File "/opt/hostedtoolcache/Python/3.9.16/x64/lib/python3.9/site-packages/jupyter_cache/executors/utils.py", line 51, in single_nb_execution
    executenb(
  File "/opt/hostedtoolcache/Python/3.9.16/x64/lib/python3.9/site-packages/nbclient/client.py", line 1204, in execute
    return NotebookClient(nb=nb, resources=resources, km=km, **kwargs).execute()
  File "/opt/hostedtoolcache/Python/3.9.16/x64/lib/python3.9/site-packages/nbclient/util.py", line 84, in wrapped
    return just_run(coro(*args, **kwargs))
  File "/opt/hostedtoolcache/Python/3.9.16/x64/lib/python3.9/site-packages/nbclient/util.py", line 62, in just_run
    return loop.run_until_complete(coro)
  File "/opt/hostedtoolcache/Python/3.9.16/x64/lib/python3.9/asyncio/base_events.py", line 647, in run_until_complete
    return future.result()
  File "/opt/hostedtoolcache/Python/3.9.16/x64/lib/python3.9/site-packages/nbclient/client.py", line 663, in async_execute
    await self.async_execute_cell(
  File "/opt/hostedtoolcache/Python/3.9.16/x64/lib/python3.9/site-packages/nbclient/client.py", line 965, in async_execute_cell
    await self._check_raise_for_error(cell, cell_index, exec_reply)
  File "/opt/hostedtoolcache/Python/3.9.16/x64/lib/python3.9/site-packages/nbclient/client.py", line 862, in _check_raise_for_error
    raise CellExecutionError.from_cell_and_msg(cell, exec_reply_content)
nbclient.exceptions.CellExecutionError: An error occurred while executing the following cell:
------------------
def angular_distance(x, y, c):
    return jnp.abs((x - y + c) % (c * 2) - c)


class Polar(jk.kernels.AbstractKernel):
    def __init__(self) -> None:
        super().__init__()
        self.period: float = 2 * jnp.pi
        self.c = self.period / 2.0  # in [0, \pi]

    def __call__(
        self, params: Dict, x: Float[Array, "1 D"], y: Float[Array, "1 D"]
    ) -> Float[Array, "1"]:
        tau = params["tau"]
        t = angular_distance(x, y, self.c)
        K = (1 + tau * t / self.c) * jnp.clip(1 - t / self.c, 0, jnp.inf) ** tau
        return K.squeeze()

    def init_params(self, key: jr.KeyArray) -> dict:
        return {"tau": jnp.array([4.0])}

    # This is depreciated. Can be removed once JaxKern is updated.
    def _initialise_params(self, key: jr.KeyArray) -> Dict:
        return self.init_params(key)
------------------

[0;31m---------------------------------------------------------------------------[0m
[0;31mAttributeError[0m                            Traceback (most recent call last)
Cell [0;32mIn[9], line 5[0m
[1;32m      1[0m [38;5;28;01mdef[39;00m [38;5;21mangular_distance[39m(x, y, c):
[1;32m      2[0m     [38;5;28;01mreturn[39;00m jnp[38;5;241m.[39mabs((x [38;5;241m-[39m y [38;5;241m+[39m c) [38;5;241m%[39m (c [38;5;241m*[39m [38;5;241m2[39m) [38;5;241m-[39m c)
[0;32m----> 5[0m [38;5;28;01mclass[39;00m [38;5;21;01mPolar[39;00m([43mjk[49m[38;5;241;43m.[39;49m[43mkernels[49m[38;5;241m.[39mAbstractKernel):
[1;32m      6[0m     [38;5;28;01mdef[39;00m [38;5;21m__init__[39m([38;5;28mself[39m) [38;5;241m-[39m[38;5;241m>[39m [38;5;28;01mNone[39;00m:
[1;32m      7[0m         [38;5;28msuper[39m()[38;5;241m.[39m[38;5;21m__init__[39m()

[0;31mAttributeError[0m: module 'jaxkern' has no attribute 'kernels'
AttributeError: module 'jaxkern' has no attribute 'kernels'

